<?xml version="1.0" encoding="UTF-8"?>
<testng-results ignored="0" total="1" passed="1" failed="0" skipped="0">
  <reporter-output>
    <line>
      <![CDATA[Clicking On The Fashion Link]]>
    </line>
    <line>
      <![CDATA[Actual Price and Validation Price match. Actual Price :   2,795.00Validation Price :2,795.00]]>
    </line>
  </reporter-output>
  <suite started-at="2021-08-05T14:04:39 IST" name="Default suite" finished-at="2021-08-05T14:08:06 IST" duration-ms="206434">
    <groups>
    </groups>
    <test started-at="2021-08-05T14:04:39 IST" name="Default test" finished-at="2021-08-05T14:08:06 IST" duration-ms="206434">
      <class name="AmazonWebTestCases.SearchShoesTest">
        <test-method is-config="true" signature="setUp()[pri:0, instance:AmazonWebTestCases.SearchShoesTest@2dde1bff]" started-at="2021-08-05T14:04:39 IST" name="setUp" finished-at="2021-08-05T14:04:54 IST" duration-ms="15109" status="PASS">
          <reporter-output>
          </reporter-output>
        </test-method> <!-- setUp -->
        <test-method signature="searchShoes()[pri:0, instance:AmazonWebTestCases.SearchShoesTest@2dde1bff]" started-at="2021-08-05T14:04:54 IST" name="searchShoes" finished-at="2021-08-05T14:07:59 IST" duration-ms="185248" status="PASS">
          <reporter-output>
            <line>
              <![CDATA[Clicking On The Fashion Link]]>
            </line>
            <line>
              <![CDATA[Actual Price and Validation Price match. Actual Price :   2,795.00Validation Price :2,795.00]]>
            </line>
          </reporter-output>
        </test-method> <!-- searchShoes -->
        <test-method is-config="true" signature="tearDown()[pri:0, instance:AmazonWebTestCases.SearchShoesTest@2dde1bff]" started-at="2021-08-05T14:07:59 IST" name="tearDown" finished-at="2021-08-05T14:08:06 IST" duration-ms="6039" status="PASS">
          <reporter-output>
          </reporter-output>
        </test-method> <!-- tearDown -->
      </class> <!-- AmazonWebTestCases.SearchShoesTest -->
    </test> <!-- Default test -->
  </suite> <!-- Default suite -->
</testng-results>
