<?xml version="1.0" encoding="UTF-8"?>
<testng-results ignored="0" total="2" passed="2" failed="0" skipped="0">
  <reporter-output>
    <line>
      <![CDATA[Clicking On The Fashion Link]]>
    </line>
  </reporter-output>
  <suite started-at="2021-08-02T16:31:28 IST" name="Default suite" finished-at="2021-08-02T16:33:28 IST" duration-ms="119921">
    <groups>
    </groups>
    <test started-at="2021-08-02T16:31:28 IST" name="Default test" finished-at="2021-08-02T16:33:28 IST" duration-ms="119921">
      <class name="AmazonWebTestCases.ProductSearchTest">
        <test-method is-config="true" signature="setUp()[pri:0, instance:AmazonWebTestCases.ProductSearchTest@193f604a]" started-at="2021-08-02T16:31:28 IST" name="setUp" finished-at="2021-08-02T16:31:37 IST" duration-ms="8713" status="PASS">
          <reporter-output>
          </reporter-output>
        </test-method> <!-- setUp -->
        <test-method signature="searchCloths()[pri:0, instance:AmazonWebTestCases.ProductSearchTest@193f604a]" started-at="2021-08-02T16:31:37 IST" name="searchCloths" finished-at="2021-08-02T16:32:44 IST" duration-ms="67164" status="PASS">
          <reporter-output>
            <line>
              <![CDATA[Clicking On The Fashion Link]]>
            </line>
          </reporter-output>
        </test-method> <!-- searchCloths -->
        <test-method is-config="true" signature="tearDown()[pri:0, instance:AmazonWebTestCases.ProductSearchTest@193f604a]" started-at="2021-08-02T16:32:44 IST" name="tearDown" finished-at="2021-08-02T16:32:50 IST" duration-ms="6016" status="PASS">
          <reporter-output>
          </reporter-output>
        </test-method> <!-- tearDown -->
        <test-method is-config="true" signature="setUp()[pri:0, instance:AmazonWebTestCases.ProductSearchTest@193f604a]" started-at="2021-08-02T16:32:50 IST" name="setUp" finished-at="2021-08-02T16:33:02 IST" duration-ms="12394" status="PASS">
          <reporter-output>
          </reporter-output>
        </test-method> <!-- setUp -->
        <test-method signature="selectAddress()[pri:0, instance:AmazonWebTestCases.ProductSearchTest@193f604a]" started-at="2021-08-02T16:33:02 IST" name="selectAddress" finished-at="2021-08-02T16:33:22 IST" depends-on-methods="AmazonWebTestCases.ProductSearchTest.searchCloths" duration-ms="19795" status="PASS">
          <reporter-output>
          </reporter-output>
        </test-method> <!-- selectAddress -->
        <test-method is-config="true" signature="tearDown()[pri:0, instance:AmazonWebTestCases.ProductSearchTest@193f604a]" started-at="2021-08-02T16:33:22 IST" name="tearDown" finished-at="2021-08-02T16:33:28 IST" duration-ms="5788" status="PASS">
          <reporter-output>
          </reporter-output>
        </test-method> <!-- tearDown -->
      </class> <!-- AmazonWebTestCases.ProductSearchTest -->
    </test> <!-- Default test -->
  </suite> <!-- Default suite -->
</testng-results>
