<?xml version="1.0" encoding="UTF-8"?>
<!-- Generated by org.testng.reporters.JUnitXMLReporter -->
<testsuite ignored="2" hostname="BRICKRED47" failures="0" tests="7" name="MultipleTestCases" time="164.808" errors="0" timestamp="2021-07-03T10:45:15 IST">
  <testcase classname="storelocatorTestCases.DP" name="testMethod" time="0.009"/>
  <testcase classname="storelocatorTestCases.DP" name="testMethod" time="0.002"/>
  <testcase classname="storelocatorTestCases.DP" name="testMethod" time="0.001"/>
  <testcase classname="storelocatorTestCases.findStore" name="findStoreByZipCode" time="24.756"/>
  <testcase classname="storelocatorTestCases.findStoreDataDriven" name="findStoreByZipCode" time="27.889"/>
  <testcase classname="storelocatorTestCases.findStoreDataDriven" name="findStoreByZipCode" time="28.036"/>
  <testcase classname="storelocatorTestCases.findStoreDataDriven" name="findStoreByZipCode" time="24.547"/>
  <testcase classname="storelocatorTestCases.findStore" name="findStoreByCity" time="0.0">
    <ignored/>
  </testcase> <!-- findStoreByCity -->
  <testcase classname="storelocatorTestCases.findStoreDataDriven" name="findStoreByCity" time="0.0">
    <ignored/>
  </testcase> <!-- findStoreByCity -->
</testsuite> <!-- MultipleTestCases -->
